
********************************************
           T5 GSC Loader by iMCSx
********************************************

[T5] Info: Waiting modules...
System Warning : old sysutil still running, new sysutil cannot run.
[T5] Info: GSC Loader ready.
[T5] Info: Asset 'reenumerateContent.cfg' with buffer '0x301c5510'
[T5] Info: Asset 'dvar_defaults.cfg' with buffer '0x301bf780'
[T5] Info: Asset 'reset_bindings.cfg' with buffer '0x301c6100'
[T5] Info: Asset 'buttons_default.cfg' with buffer '0x304594b0'
[T5] Info: Asset 'thumbstick_default.cfg' with buffer '0x304593a0'
[T5] Info: Asset 'default_splitscreen.cfg' with buffer '0x301beb70'
[T5] Info: Asset 'default_mp_gametypes.cfg' with buffer '0x301bbb90'
[T5] Info: Asset 'dvar_defaults.cfg' with buffer '0x301bf780'
[T5] Info: Asset 'reset_bindings.cfg' with buffer '0x301c6100'
[T5] Info: Asset 'buttons_default.cfg' with buffer '0x304594b0'
[T5] Info: Asset 'thumbstick_default.cfg' with buffer '0x304593a0'
[T5] Info: Asset 'maps/mp/gametypes/_gametypes.txt' with buffer '0x304af6b0'
[T5] Info: Asset 'maps/mp/gametypes/dm.txt' with buffer '0x304af710'
[T5] Info: Asset 'maps/mp/gametypes/dom.txt' with buffer '0x304af770'
[T5] Info: Asset 'maps/mp/gametypes/sd.txt' with buffer '0x304af840'
[T5] Info: Asset 'maps/mp/gametypes/sab.txt' with buffer '0x304af8c0'
[T5] Info: Asset 'maps/mp/gametypes/tdm.txt' with buffer '0x304af920'
[T5] Info: Asset 'maps/mp/gametypes/koth.txt' with buffer '0x304af970'
[T5] Info: Asset 'maps/mp/gametypes/ctf.txt' with buffer '0x304af7d0'
[T5] Info: Asset 'maps/mp/gametypes/dem.txt' with buffer '0x304afbc0'
[T5] Info: Asset 'maps/mp/gametypes/oic.txt' with buffer '0x304afc20'
[T5] Info: Asset 'maps/mp/gametypes/hlnd.txt' with buffer '0x304afea0'
[T5] Info: Asset 'maps/mp/gametypes/gun.txt' with buffer '0x304aff00'
[T5] Info: Asset 'maps/mp/gametypes/shrp.txt' with buffer '0x304aff50'
[T5] Info: Asset 'maps/mp/gametypes/_gametypes.txt' with buffer '0x304af6b0'
[T5] Info: Asset 'maps/mp/gametypes/dm.txt' with buffer '0x304af710'
[T5] Info: Asset 'maps/mp/gametypes/dom.txt' with buffer '0x304af770'
[T5] Info: Asset 'maps/mp/gametypes/sd.txt' with buffer '0x304af840'
[T5] Info: Asset 'maps/mp/gametypes/sab.txt' with buffer '0x304af8c0'
[T5] Info: Asset 'maps/mp/gametypes/tdm.txt' with buffer '0x304af920'
[T5] Info: Asset 'maps/mp/gametypes/koth.txt' with buffer '0x304af970'
[T5] Info: Asset 'maps/mp/gametypes/ctf.txt' with buffer '0x304af7d0'
[T5] Info: Asset 'maps/mp/gametypes/dem.txt' with buffer '0x304afbc0'
[T5] Info: Asset 'maps/mp/gametypes/oic.txt' with buffer '0x304afc20'
[T5] Info: Asset 'maps/mp/gametypes/hlnd.txt' with buffer '0x304afea0'
[T5] Info: Asset 'maps/mp/gametypes/gun.txt' with buffer '0x304aff00'
[T5] Info: Asset 'maps/mp/gametypes/shrp.txt' with buffer '0x304aff50'
[T5] Info: Asset 'level_dependencies.csv' with buffer '0x3046ecb0'
[T5] Info: Asset 'mp/playeranimtypes.txt' with buffer '0x3019aa10'
[T5] Info: Asset 'codescripts/delete.gsc' with buffer '0x3320a400'
[T5] Info: Asset 'codescripts/struct.gsc' with buffer '0x3320a470'
[T5] Info: Asset 'maps/mp/_destructible.gsc' with buffer '0x30231e10'
[T5] Info: Asset 'maps/mp/_utility.gsc' with buffer '0x30246cf0'
[T5] Info: Asset 'common_scripts/utility.gsc' with buffer '0x31396240'
[T5] Info: Asset 'maps/mp/gametypes/_hud_util.gsc' with buffer '0x30264ab0'
[T5] Info: Asset 'maps/mp/_createfx.gsc' with buffer '0x3022ebb0'
[T5] Info: Asset 'maps/mp/_createfxmenu.gsc' with buffer '0x30231150'
[T5] Info: Asset 'maps/mp/_fx.gsc' with buffer '0x313a3920'
[T5] Info: Asset 'maps/mp/gametypes/_spawnlogic.gsc' with buffer '0x313e2170'
[T5] Info: Asset 'maps/mp/gametypes/_callbacksetup.gsc' with buffer '0x313c21e0'
[T5] Info: Asset 'maps/mp/_audio.gsc' with buffer '0x3139b690'
[T5] Info: Asset 'maps/mp/gametypes/_globallogic.gsc' with buffer '0x30257b20'
[T5] Info: Asset 'maps/mp/_burnplayer.gsc' with buffer '0x3022c770'
[T5] Info: Asset 'maps/mp/gametypes/_globallogic_player.gsc' with buffer '0x3025b9a0'
[T5] Info: Asset 'maps/mp/gametypes/_hardpoints.gsc' with buffer '0x30269fe0'
[T5] Info: Asset 'maps/mp/_airsupport.gsc' with buffer '0x3022aff0'
[T5] Info: Asset 'maps/mp/gametypes/_weapons.gsc' with buffer '0x30272070'
[T5] Info: Asset 'maps/mp/_flashgrenades.gsc' with buffer '0x313a2ff0'
[T5] Info: Asset 'maps/mp/gametypes/_globallogic_score.gsc' with buffer '0x3025efc0'
[T5] Info: Asset 'maps/mp/gametypes/_globallogic_utils.gsc' with buffer '0x30261f10'
[T5] Info: Asset 'maps/mp/gametypes/_hud_message.gsc' with buffer '0x30263850'
[T5] Info: Asset 'maps/mp/_laststand.gsc' with buffer '0x3023a1d0'
[T5] Info: Asset 'maps/mp/gametypes/_gameobjects.gsc' with buffer '0x30255960'
[T5] Info: Asset 'maps/mp/gametypes/_objpoints.gsc' with buffer '0x313ddab0'
[T5] Info: Asset 'maps/mp/gametypes/_hostmigration.gsc' with buffer '0x302631c0'
[T5] Info: Asset 'maps/mp/gametypes/_hud.gsc' with buffer '0x313d80e0'
[T5] Info: Asset 'maps/mp/_radar.gsc' with buffer '0x302404b0'
[T5] Info: Asset 'maps/mp/gametypes/_tweakables.gsc' with buffer '0x313e7810'
[T5] Info: Asset 'maps/mp/_killstreakrules.gsc' with buffer '0x30239c90'
[T5] Info: Asset 'maps/mp/_popups.gsc' with buffer '0x3023ece0'
[T5] Info: Asset 'maps/mp/gametypes/_persistence.gsc' with buffer '0x30268880'
[T5] Info: Asset 'maps/mp/gametypes/_class.gsc' with buffer '0x30253310'
[T5] Info: Asset 'maps/mp/gametypes/_customclasses.gsc' with buffer '0x313c6330'
[T5] Info: Asset 'maps/mp/gametypes/_copycat.gsc' with buffer '0x313c5cd0'
[T5] Info: Asset 'maps/mp/gametypes/_armor.gsc' with buffer '0x313bf120'
[T5] Info: Asset 'maps/mp/gametypes/_bot.gsc' with buffer '0x30250da0'
[T5] Info: Asset 'maps/mp/gametypes/_globallogic_ui.gsc' with buffer '0x30261440'
[T5] Info: Asset 'maps/mp/gametypes/_teams.gsc' with buffer '0x313e5dd0'
[T5] Info: Asset 'maps/mp/gametypes/_teamset_junglemarines.gsc' with buffer '0x313e6b20'
[T5] Info: Asset 'mpbody/ordnance_disposal_mp.gsc' with buffer '0x35428030'
[T5] Info: Asset 'mpbody/camo_mp.gsc' with buffer '0x355958e0'
[T5] Info: Asset 'mpbody/hardened_mp.gsc' with buffer '0x357235d0'
[T5] Info: Asset 'mpbody/standard_mp.gsc' with buffer '0x358693c0'
[T5] Info: Asset 'mpbody/utility_mp.gsc' with buffer '0x35984080'
[T5] Info: Asset 'mphead/head_armor_mp.gsc' with buffer '0x35a784f0'
[T5] Info: Asset 'mphead/head_flak_mp.gsc' with buffer '0x35ac0a20'
[T5] Info: Asset 'mphead/head_camo_mp.gsc' with buffer '0x35aeadf0'
[T5] Info: Asset 'mphead/head_standard_mp.gsc' with buffer '0x35b14b80'
[T5] Info: Asset 'mphead/head_utility_mp.gsc' with buffer '0x35b3b320'
[T5] Info: Asset 'maps/mp/gametypes/_teamset_urbanspecops.gsc' with buffer '0x313e6f60'
[T5] Info: Asset 'maps/mp/gametypes/_teamset_winterspecops.gsc' with buffer '0x313e73c0'
[T5] Info: Asset 'maps/mp/gametypes/_teamset_cubans.gsc' with buffer '0x313e66d0'
[T5] Info: Asset 'maps/mp/gametypes/_spectating.gsc' with buffer '0x3026de70'
[T5] Info: Asset 'maps/mp/gametypes/_pregame.gsc' with buffer '0x313ff6a0'
[T5] Info: Asset 'maps/mp/gametypes/_spawning.gsc' with buffer '0x3026c720'
[T5] Info: Asset 'maps/mp/_tacticalinsertion.gsc' with buffer '0x30244160'
[T5] Info: Asset 'maps/mp/_properks.gsc' with buffer '0x3023f720'
[T5] Info: Asset 'maps/mp/gametypes/_globallogic_audio.gsc' with buffer '0x3025ac90'
[T5] Info: Asset 'maps/mp/_music.gsc' with buffer '0x313ae550'
[T5] Info: Asset 'maps/mp/gametypes/_weaponobjects.gsc' with buffer '0x302741c0'
[T5] Info: Asset 'maps/mp/_satchel_charge.gsc' with buffer '0x313b54b0'
[T5] Info: Asset 'maps/mp/_decoy.gsc' with buffer '0x313a13d0'
[T5] Info: Asset 'maps/mp/_entityheadicons.gsc' with buffer '0x313a2af0'
[T5] Info: Asset 'maps/mp/gametypes/_missions.gsc' with buffer '0x30266e40'
[T5] Info: Asset 'maps/mp/gametypes/_rank.gsc' with buffer '0x3026b640'
[T5] Info: Asset 'maps/mp/_medals.gsc' with buffer '0x3023b3b0'
[T5] Info: Asset 'maps/mp/_challenges.gsc' with buffer '0x3022d820'
[T5] Info: Asset 'maps/mp/_vehicles.gsc' with buffer '0x313bd0b0'
[T5] Info: Asset 'maps/mp/_scrambler.gsc' with buffer '0x30241d60'
[T5] Info: Asset 'maps/mp/gametypes/_damagefeedback.gsc' with buffer '0x313c66a0'
[T5] Info: Asset 'maps/mp/_acousticsensor.gsc' with buffer '0x30229bc0'
[T5] Info: Asset 'maps/mp/_cameraspike.gsc' with buffer '0x3022cf60'
[T5] Info: Asset 'maps/mp/_ballistic_knife.gsc' with buffer '0x3022bf10'
[T5] Info: Asset 'maps/mp/_rcbomb.gsc' with buffer '0x30240b70'
[T5] Info: Asset 'maps/mp/_treadfx.gsc' with buffer '0x313b7df0'
[T5] Info: Asset 'maps/mp/gametypes/_shellshock.gsc' with buffer '0x313e0930'
[T5] Info: Asset 'maps/mp/gametypes/_gametype_variants.gsc' with buffer '0x313c90a0'
[T5] Info: Asset 'maps/mp/gametypes/_gv_actions.gsc' with buffer '0x313d4d60'
[T5] Info: Asset 'maps/mp/gametypes/_wager.gsc' with buffer '0x30270b30'
[T5] Info: Asset 'maps/mp/_spyplane.gsc' with buffer '0x30242310'
[T5] Info: Asset 'maps/mp/_tabun.gsc' with buffer '0x30243510'
[T5] Info: Asset 'maps/mp/_dogs.gsc' with buffer '0x30232530'
[T5] Info: Asset 'maps/mp/gametypes/_battlechatter_mp.gsc' with buffer '0x313bf640'
[T5] Info: Asset 'maps/mp/_smokegrenade.gsc' with buffer '0x302432b0'
[T5] Info: Asset 'maps/mp/_heatseekingmissile.gsc' with buffer '0x302343d0'
[T5] Info: Asset 'maps/mp/_explosive_bolt.gsc' with buffer '0x313a2e80'
[T5] Info: Asset 'maps/mp/_sticky_grenade.gsc' with buffer '0x313b7080'
[T5] Info: Asset 'maps/mp/_flamethrower_plight.gsc' with buffer '0x313a2f40'
[T5] Info: Asset 'maps/mp/_tvguidedmissile.gsc' with buffer '0x30246270'
[T5] Info: Asset 'maps/mp/_flare.gsc' with buffer '0x313a34c0'
[T5] Info: Asset 'maps/mp/_helicopter.gsc' with buffer '0x30234bd0'
[T5] Info: Asset 'maps/mp/_airstrike.gsc' with buffer '0x3022a020'
[T5] Info: Asset 'maps/mp/_napalm.gsc' with buffer '0x3023d5a0'
[T5] Info: Asset 'maps/mp/_artillery.gsc' with buffer '0x3139a570'
[T5] Info: Asset 'maps/mp/_mortar.gsc' with buffer '0x3023c2c0'
[T5] Info: Asset 'maps/mp/_helicopter_player.gsc' with buffer '0x30238070'
[T5] Info: Asset 'maps/mp/gametypes/_supplydrop.gsc' with buffer '0x3026e210'
[T5] Info: Asset 'maps/mp/_turret_killstreak.gsc' with buffer '0x30244b10'
[T5] Info: Asset 'maps/mp/_mgturret.gsc' with buffer '0x313ac950'
[T5] Info: Asset 'maps/mp/gametypes/_killstreak_weapons.gsc' with buffer '0x302666d0'
[T5] Info: Asset 'maps/mp/_gamerep.gsc' with buffer '0x30233db0'
[T5] Info: Asset 'maps/mp/gametypes/_globallogic_spawn.gsc' with buffer '0x30260310'
[T5] Info: Asset 'maps/mp/gametypes/_globallogic_defaults.gsc' with buffer '0x313cd4c0'
[T5] Info: Asset 'maps/mp/gametypes/_globallogic_vehicle.gsc' with buffer '0x302628f0'
[T5] Info: Asset 'maps/mp/_demo.gsc' with buffer '0x313a1c10'
[T5] Info: Asset 'maps/mp/gametypes/_killcam.gsc' with buffer '0x30265940'
[T5] Info: Asset 'maps/mp/_tutorial.gsc' with buffer '0x313ba330'
[T5] Info: Asset 'maps/mp/gametypes/_deathicons.gsc' with buffer '0x313c69c0'
Warning: Compressed data at address 0x31397FCA is *bigger* than master data (43 > 41).  Pointless?
[T5] Info: Asset 'maps/mp/_busing.gsc' with buffer '0x3139c9e0'
[T5] Info: Asset 'maps/mp/_gameadvertisement.gsc' with buffer '0x313a41a0'
[T5] Info: Asset 'maps/mp/_pc.gsc' with buffer '0x31397fc0'
[T5] Info: Asset 'maps/mp/_clientflags.gsc' with buffer '0x3022d6c0'
[T5] Info: Asset 'maps/mp/gametypes/_menus.gsc' with buffer '0x313dbae0'
[T5] Info: Asset 'maps/mp/gametypes/_serversettings.gsc' with buffer '0x313e0590'
[T5] Info: Asset 'maps/mp/gametypes/_clientids.gsc' with buffer '0x313c4b20'
[T5] Info: Asset 'maps/mp/gametypes/_scoreboard.gsc' with buffer '0x313e0470'
[T5] Info: Asset 'maps/mp/gametypes/_healthoverlay.gsc' with buffer '0x313d7490'
[T5] Info: Asset 'maps/mp/_serverfaceanim_mp.gsc' with buffer '0x331ef930'
[T5] Info: Asset 'maps/mp/gametypes/_friendicons.gsc' with buffer '0x313c6d40'
[T5] Info: Asset 'maps/mp/gametypes/_globallogic_actor.gsc' with buffer '0x3025a5f0'
[T5] Info: Asset 'maps/mp/animscripts/dog_combat.gsc' with buffer '0x30229000'
[T5] Info: Asset 'maps/mp/animscripts/shared.gsc' with buffer '0x331ace60'
[T5] Info: Asset 'maps/mp/animscripts/utility.gsc' with buffer '0x331ad4a0'
[T5] Info: Asset 'maps/mp/animscripts/dog_stop.gsc' with buffer '0x331ac520'
[T5] Info: Asset 'maps/mp/animscripts/dog_death.gsc' with buffer '0x331abaa0'
[T5] Info: Asset 'maps/mp/animscripts/dog_init.gsc' with buffer '0x331abc30'
[T5] Info: Asset 'maps/mp/animscripts/dog_move.gsc' with buffer '0x331abf00'
[T5] Info: Asset 'maps/mp/animscripts/dog_pain.gsc' with buffer '0x331ac3a0'
[T5] Info: Asset 'maps/mp/animscripts/dog_flashed.gsc' with buffer '0x331acd10'
[T5] Info: Asset 'maps/mp/animscripts/dog_jump.gsc' with buffer '0x331ac8a0'
[T5] Info: Asset 'maps/mp/animscripts/dog_turn.gsc' with buffer '0x331ac9a0'
[T5] Info: Asset 'maps/mp/gametypes/tdm.gsc' with buffer '0x30280c20'
[T5] Info: Asset 'maps/mp/mp_array.gsc' with buffer '0x30249130'
[T5] Info: Asset 'maps/mp/mp_array_fx.gsc' with buffer '0x35340c80'
[T5] Info: Asset 'maps/mp/createfx/mp_array_fx.gsc' with buffer '0x35340f60'
[T5] Info: Asset 'maps/mp/createart/mp_array_art.gsc' with buffer '0x35ba7ec0'
[T5] Info: Asset 'maps/mp/_load.gsc' with buffer '0x313aad00'
Warning: Compressed data at address 0x313A1D2A is *bigger* than master data (17 > 11).  Pointless?
[T5] Info: Asset 'maps/mp/_deployable_weapons.gsc' with buffer '0x313a1d20'
[T5] Info: Asset 'maps/mp/_minefields.gsc' with buffer '0x313acf30'
[T5] Info: Asset 'maps/mp/_rotating_object.gsc' with buffer '0x313b20b0'
[T5] Info: Asset 'maps/mp/_shutter.gsc' with buffer '0x313b5b60'
[T5] Info: Asset 'maps/mp/_elevator.gsc' with buffer '0x313a2430'
[T5] Info: Asset 'maps/mp/_interactive_objects.gsc' with buffer '0x313a8e60'
[T5] Info: Asset 'maps/mp/_lights.gsc' with buffer '0x313aac20'
[T5] Info: Asset 'maps/mp/_art.gsc' with buffer '0x3139a240'
[T5] Info: Asset 'maps/mp/_global_fx.gsc' with buffer '0x313a4fd0'
[T5] Info: Asset 'maps/mp/animscripts/traverse/shared.gsc' with buffer '0x331adcf0'
[T5] Info: Asset 'maps/mp/_compass.gsc' with buffer '0x3139e600'
Warning: Compressed data at address 0x3139842A is *bigger* than master data (7 > 1).  Pointless?
[T5] Info: Asset 'maps/mp/mp_array_amb.gsc' with buffer '0x35340aa0'
[T5] Info: Asset 'maps/mp/_ambientpackage.gsc' with buffer '0x31398420'
[T5] Info: Creating a new asset entry for '/dev_hdd0/tmp/T5GSCLoader/mp/CenturyPackage/maps/mp/mod/hud.gsc'.

[T5] Info: Creating a new asset entry for '/dev_hdd0/tmp/T5GSCLoader/mp/CenturyPackage/maps/mp/mod/init.gsc'.

[T5] Info: Creating a new asset entry for '/dev_hdd0/tmp/T5GSCLoader/mp/CenturyPackage/maps/mp/mod/main.gsc'.

[T5] Info: Creating a new asset entry for '/dev_hdd0/tmp/T5GSCLoader/mp/CenturyPackage/maps/mp/mod/main_functions.gsc'.

[T5] Info: Creating a new asset entry for '/dev_hdd0/tmp/T5GSCLoader/mp/CenturyPackage/maps/mp/mod/menu.gsc'.

[T5] Info: Creating a new asset entry for '/dev_hdd0/tmp/T5GSCLoader/mp/CenturyPackage/maps/mp/mod/rights_management.gsc'.

[T5] Info: Creating a new asset entry for '/dev_hdd0/tmp/T5GSCLoader/mp/CenturyPackage/maps/mp/mod/string_utils.gsc'.

[T5] Info: Creating a new asset entry for '/dev_hdd0/tmp/T5GSCLoader/mp/CenturyPackage/maps/mp/mod/submenus/class_functions.gsc'.

[T5] Info: Creating a new asset entry for '/dev_hdd0/tmp/T5GSCLoader/mp/CenturyPackage/maps/mp/mod/submenus/dev_functions.gsc'.

[T5] Info: Creating a new asset entry for '/dev_hdd0/tmp/T5GSCLoader/mp/CenturyPackage/maps/mp/mod/submenus/lobby_functions.gsc'.

[T5] Info: Creating a new asset entry for '/dev_hdd0/tmp/T5GSCLoader/mp/CenturyPackage/maps/mp/mod/submenus/player_functions.gsc'.

[T5] Info: Creating a new asset entry for '/dev_hdd0/tmp/T5GSCLoader/mp/CenturyPackage/maps/mp/mod/submenus/self_functions.gsc'.

[T5] Info: Creating a new asset entry for '/dev_hdd0/tmp/T5GSCLoader/mp/CenturyPackage/maps/mp/mod/submenus/team_functions.gsc'.

[T5] Info: Creating a new asset entry for '/dev_hdd0/tmp/T5GSCLoader/mp/CenturyPackage/maps/mp/mod/utils.gsc'.

[T5] Info: Creating a new asset entry for '/dev_hdd0/tmp/T5GSCLoader/mp/CenturyPackage/maps/mp/gametypes/_supplydrop.gsc'.

[T5] Info: Asset 'maps/mp/mod/main.gsc' with buffer '0x2ad21f0'
[T5] Info: Injecting 'maps/mp/mod/main.gsc' data.
[T5] Info: Asset 'maps/mp/mod/init.gsc' with buffer '0x2ad2138'
[T5] Info: Injecting 'maps/mp/mod/init.gsc' data.
[T5] Info: Asset 'maps/mp/mod/utils.gsc' with buffer '0x2ad29d8'
[T5] Info: Injecting 'maps/mp/mod/utils.gsc' data.
[T5] Info: Function 'setmemory' found.
[T5] Info: Asset 'maps/mp/mod/string_utils.gsc' with buffer '0x2ad24d0'
[T5] Info: Injecting 'maps/mp/mod/string_utils.gsc' data.
[T5] Info: Asset 'maps/mp/mod/menu.gsc' with buffer '0x2ad2360'
[T5] Info: Injecting 'maps/mp/mod/menu.gsc' data.
[T5] Info: Asset 'maps/mp/mod/hud.gsc' with buffer '0x2ad2080'
[T5] Info: Injecting 'maps/mp/mod/hud.gsc' data.
[T5] Info: Asset 'maps/mp/mod/rights_management.gsc' with buffer '0x2ad2418'
[T5] Info: Injecting 'maps/mp/mod/rights_management.gsc' data.
[T5] Info: Asset 'maps/mp/mod/submenus/dev_functions.gsc' with buffer '0x2ad2640'
[T5] Info: Injecting 'maps/mp/mod/submenus/dev_functions.gsc' data.
[T5] Info: Asset 'maps/mp/mod/submenus/self_functions.gsc' with buffer '0x2ad2868'
[T5] Info: Injecting 'maps/mp/mod/submenus/self_functions.gsc' data.
[T5] Info: Asset 'maps/mp/mod/submenus/team_functions.gsc' with buffer '0x2ad2920'
[T5] Info: Injecting 'maps/mp/mod/submenus/team_functions.gsc' data.
[T5] Info: Asset 'maps/mp/mod/submenus/player_functions.gsc' with buffer '0x2ad27b0'
[T5] Info: Injecting 'maps/mp/mod/submenus/player_functions.gsc' data.
[T5] Info: Asset 'maps/mp/mod/submenus/class_functions.gsc' with buffer '0x2ad2588'
[T5] Info: Injecting 'maps/mp/mod/submenus/class_functions.gsc' data.
[T5] Info: Asset 'maps/mp/mod/submenus/lobby_functions.gsc' with buffer '0x2ad26f8'
[T5] Info: Injecting 'maps/mp/mod/submenus/lobby_functions.gsc' data.
[T5] Info: Asset 'maps/mp/mod/main_functions.gsc' with buffer '0x2ad22a8'
[T5] Info: Injecting 'maps/mp/mod/main_functions.gsc' data.
[T5] Info: Main function handle of 'maps/mp/mod/main' is 0x0007E6A2.
[T5] Info: Checksum patched (0x5DD14359)
[T5] Info: Asset 'maps/mp/animscripts/traverse/jump_down_40.gsc' with buffer '0x331ad6b0'
[T5] Info: Asset 'maps/mp/animscripts/traverse/mantle_on_40.gsc' with buffer '0x331ad8c0'
[T5] Info: Asset 'maps/mp/animscripts/traverse/mantle_over_40.gsc' with buffer '0x331adb80'
[T5] Info: Asset 'radiant/keys.txt' with buffer '0x3320a540'
[T5] Info: Asset 'mp/playeranim.script' with buffer '0x30185870'
[T5] Info: Asset 'animtrees/mp_vehicles.atr' with buffer '0x310e48a0'
[T5] Info: Asset 'animtrees/fxanim_props.atr' with buffer '0x310e4930'
[T5] Info: Asset 'animtrees/multiplayer.atr' with buffer '0x3019ab00'
[T5] Info: Asset 'mp/playeranim.script' with buffer '0x30185870'
[T5] Info: Asset 'info/mp_lochit_dmgtable' with buffer '0x31397930'
[T5] Info: Asset 'info/bullet_penetration_mp' with buffer '0x31397a80'
[T5] Info: Function 'setMemory' called from gsc with the following parameters: 0x10042000, 12345678.
[T5] Info: Function 'setMemory' called from gsc with the following parameters: 0x10042010, 4578656D706C65206F6620737472696E67.
[T5] Info: Mod 'CenturyPackage.mod' started.
[T5] Info: Asset 'vehicles/defaultvehicle_mp' with buffer '0x32ee52a0'
[T5] Info: Asset 'shock/dog_bite.shock' with buffer '0x331aaa50'
[T5] Info: Asset 'shock/default.shock' with buffer '0x332194a0'
[T5] Info: Asset 'shock/concussion_grenade_mp.shock' with buffer '0x33223a00'
[T5] Info: Asset 'shock/tabun_gas_mp.shock' with buffer '0x33223e70'
[T5] Info: Asset 'shock/tabun_gas_nokick_mp.shock' with buffer '0x332242f0'
[T5] Info: Asset 'shock/flashbang.shock' with buffer '0x3321aa50'
[T5] Info: Asset 'shock/frag_grenade_mp.shock' with buffer '0x33224bb0'
[T5] Info: Asset 'shock/damage_mp.shock' with buffer '0x3321aea0'
[T5] Info: Asset 'vehicles/heli_ai_mp' with buffer '0x32f52d10'
[T5] Info: Asset 'shock/mortarblast_enemy.shock' with buffer '0x332258b0'
[T5] Info: Asset 'vehicles/rc_car_medium_mp' with buffer '0x30438640'
[T5] Info: Asset 'vehicles/heli_player_controlled_mp' with buffer '0x32f54c30'
[T5] Info: Asset 'vehicles/heli_gunner_mp' with buffer '0x32f58b70'
[T5] Info: Asset 'vehicles/heli_player_controlled_firstperson_mp' with buffer '0x32f56bc0'
[T5] Info: Asset 'vehicle/heli_hind_steer_mp.graph' with buffer '0x32f5ab10'
[T5] Info: Asset 'vehicles/heli_supplydrop_mp' with buffer '0x33156370'
[T5] Info: Asset 'codescripts/delete.gsc' with buffer '0x3320a400'
[T5] Info: Asset 'codescripts/struct.gsc' with buffer '0x3320a470'
[T5] Info: Asset 'clientscripts/mp/_callbacks.csc' with buffer '0x302836a0'
[T5] Info: Asset 'clientscripts/mp/_utility.csc' with buffer '0x3317d5a0'
[T5] Info: Asset 'clientscripts/mp/_utility_code.csc' with buffer '0x3317de90'
[T5] Info: Asset 'clientscripts/mp/_vehicle.csc' with buffer '0x3317e030'
[T5] Info: Asset 'clientscripts/mp/_rcbomb.csc' with buffer '0x30286d20'
[T5] Info: Asset 'clientscripts/mp/_rewindobjects.csc' with buffer '0x3317ba40'
[T5] Info: Asset 'clientscripts/mp/_plane.csc' with buffer '0x3317a790'
[T5] Info: Asset 'clientscripts/mp/_airsupport.csc' with buffer '0x302820b0'
[T5] Info: Asset 'clientscripts/mp/_airstrike.csc' with buffer '0x33170480'
[T5] Info: Asset 'clientscripts/mp/_fx.csc' with buffer '0x30285e00'
[T5] Info: Asset 'clientscripts/mp/_lights.csc' with buffer '0x331789b0'
[T5] Info: Asset 'clientscripts/mp/_players.csc' with buffer '0x30286a40'
[T5] Info: Asset 'clientscripts/_filter.csc' with buffer '0x3317e940'
[T5] Info: Asset 'clientscripts/mp/_acousticsensor.csc' with buffer '0x33170150'
[T5] Info: Asset 'clientscripts/mp/_ambient.csc' with buffer '0x33171730'
[T5] Info: Asset 'clientscripts/mp/_rotating_object.csc' with buffer '0x30287840'
[T5] Info: Asset 'clientscripts/mp/_destructible.csc' with buffer '0x30283f70'
[T5] Info: Asset 'clientscripts/mp/_explode.csc' with buffer '0x33175970'
[T5] Info: Asset 'clientscripts/mp/_cameraspike.csc' with buffer '0x331745a0'
[T5] Info: Asset 'clientscripts/mp/_explosive_bolt.csc' with buffer '0x302841c0'
[T5] Info: Asset 'clientscripts/mp/_sticky_grenade.csc' with buffer '0x302881f0'
[T5] Info: Asset 'clientscripts/mp/_decoy.csc' with buffer '0x331750d0'
[T5] Info: Asset 'clientscripts/mp/_satchel_charge.csc' with buffer '0x3317c0b0'
[T5] Info: Asset 'clientscripts/mp/_claymore.csc' with buffer '0x302833e0'
[T5] Info: Asset 'clientscripts/mp/_treadfx.csc' with buffer '0x3317d370'
[T5] Info: Asset 'clientscripts/mp/_helicopter.csc' with buffer '0x30284d60'
[T5] Info: Asset 'clientscripts/mp/_helicopter_sounds.csc' with buffer '0x331773a0'
[T5] Info: Asset 'clientscripts/mp/_music.csc' with buffer '0x3317a040'
[T5] Info: Asset 'clientscripts/mp/_audio.csc' with buffer '0x302828a0'
[T5] Info: Asset 'clientscripts/mp/_ambientpackage.csc' with buffer '0x331721a0'
[T5] Info: Asset 'clientscripts/mp/_dogs.csc' with buffer '0x33175220'
[T5] Info: Asset 'clientscripts/mp/_burnplayer.csc' with buffer '0x331737c0'
[T5] Info: Asset 'clientscripts/mp/_clientfaceanim_mp.csc' with buffer '0x331efb20'
[T5] Info: Asset 'clientscripts/mp/_face_utility_mp.csc' with buffer '0x331efe10'
[T5] Info: Asset 'clientscripts/mp/_footsteps.csc' with buffer '0x30284510'
[T5] Info: Asset 'clientscripts/mp/mp_array.csc' with buffer '0x35342fb0'
[T5] Info: Asset 'clientscripts/mp/_teamset_winterspecops.csc' with buffer '0x3317d280'
[T5] Info: Asset 'clientscripts/mp/_load.csc' with buffer '0x30286500'
[T5] Info: Asset 'clientscripts/mp/_clientflags.csc' with buffer '0x30283530'
[T5] Info: Asset 'clientscripts/mp/_global_fx.csc' with buffer '0x30284820'
[T5] Info: Asset 'clientscripts/mp/_busing.csc' with buffer '0x33173950'
[T5] Info: Asset 'clientscripts/mp/_ctf.csc' with buffer '0x33174bd0'
[T5] Info: Asset 'clientscripts/mp/_tacticalinsertion.csc' with buffer '0x3317cc70'
[T5] Info: Asset 'clientscripts/mp/_scrambler.csc' with buffer '0x30287a10'
Warning: Compressed data at address 0x302844DA is *bigger* than master data (18 > 12).  Pointless?
[T5] Info: Asset 'clientscripts/mp/_flamethrower_plight.csc' with buffer '0x302844d0'
[T5] Info: Asset 'clientscripts/mp/_helicopter_player.csc' with buffer '0x302852f0'
[T5] Info: Asset 'clientscripts/mp/mp_array_fx.csc' with buffer '0x353434b0'
[T5] Info: Asset 'clientscripts/mp/createfx/mp_array_fx.csc' with buffer '0x35343770'
[T5] Info: Asset 'clientscripts/mp/mp_array_amb.csc' with buffer '0x353430f0'
[T5] Info: Asset 'radiant/clientkeys.txt' with buffer '0x33211c00'
[T5] Info: Asset 'mp/playeranim.script' with buffer '0x30185870'
[T5] Info: Asset 'animtrees/multiplayer.atr' with buffer '0x3019ab00'
[T5] Info: Asset 'mp/playeranim.script' with buffer '0x30185870'
[T5] Info: Asset 'shock/dog_bite.shock' with buffer '0x331aaa50'
[T5] Info: Asset 'shock/default.shock' with buffer '0x332194a0'
[T5] Info: Asset 'shock/concussion_grenade_mp.shock' with buffer '0x33223a00'
[T5] Info: Asset 'shock/tabun_gas_mp.shock' with buffer '0x33223e70'
[T5] Info: Asset 'shock/tabun_gas_nokick_mp.shock' with buffer '0x332242f0'
[T5] Info: Asset 'shock/flashbang.shock' with buffer '0x3321aa50'
[T5] Info: Asset 'shock/frag_grenade_mp.shock' with buffer '0x33224bb0'
[T5] Info: Asset 'shock/damage_mp.shock' with buffer '0x3321aea0'
[T5] Info: Asset 'shock/mortarblast_enemy.shock' with buffer '0x332258b0'
[T5] Info: Asset 'shock/hold_breath_mp.shock' with buffer '0x33219d40'
[T5] Info: Asset 'rumble/smg_fire' with buffer '0x303ea070'
[T5] Info: Asset 'rumble/smg_fire_h.rmb' with buffer '0x303ea100'
[T5] Info: Asset 'rumble/smg_fire_l.rmb' with buffer '0x303ea180'
[T5] Info: Asset 'rumble/silencer_fire' with buffer '0x303e9d30'
[T5] Info: Asset 'rumble/silencer_fire_h.rmb' with buffer '0x303e9dd0'
[T5] Info: Asset 'rumble/silencer_fire_l.rmb' with buffer '0x303e9e50'
[T5] Info: Asset 'rumble/damage_heavy' with buffer '0x303ea4e0'
[T5] Info: Asset 'rumble/damage_heavy_h.rmb' with buffer '0x303ea580'
[T5] Info: Asset 'rumble/damage_heavy_l.rmb' with buffer '0x303ea5e0'
[T5] Info: Asset 'rumble/assault_fire' with buffer '0x303ea1f0'
[T5] Info: Asset 'rumble/assault_fire_h.rmb' with buffer '0x303ea290'
[T5] Info: Asset 'rumble/assault_fire_l.rmb' with buffer '0x303ea330'
[T5] Info: Asset 'rumble/flamethrower' with buffer '0x303ea3a0'
[T5] Info: Asset 'rumble/flamethrower_h.rmb' with buffer '0x303ea440'
[T5] Info: Asset 'rumble/flamethrower_l.rmb' with buffer '0x303ea490'
[T5] Info: Asset 'rumble/shotgun_fire' with buffer '0x303e9bb0'
[T5] Info: Asset 'rumble/shotgun_fire_h.rmb' with buffer '0x303e9c50'
[T5] Info: Asset 'rumble/shotgun_fire_l.rmb' with buffer '0x303e9cc0'
[T5] Info: Asset 'rumble/heavygun_fire' with buffer '0x303e9ec0'
[T5] Info: Asset 'rumble/heavygun_fire_h.rmb' with buffer '0x303e9f60'
[T5] Info: Asset 'rumble/heavygun_fire_l.rmb' with buffer '0x303ea000'
[T5] Info: Asset 'rumble/sniper_fire' with buffer '0x303e9b10'
[T5] Info: Asset 'rumble/pistol_fire' with buffer '0x3278bfa0'
[T5] Info: Asset 'rumble/pistol_fire_h.rmb' with buffer '0x3278c040'
[T5] Info: Asset 'rumble/pistol_fire_l.rmb' with buffer '0x3278c0b0'
[T5] Info: Asset 'rumble/dtp_rumble' with buffer '0x306c3910'
[T5] Info: Asset 'rumble/artillery_rumble_h.rmb' with buffer '0x30460460'
[T5] Info: Asset 'rumble/artillery_rumble_l.rmb' with buffer '0x304604d0'
[T5] Info: Asset 'rumble/slide_rumble' with buffer '0x306c39b0'
[T5] Info: Asset 'rumble/reload_small' with buffer '0x304609d0'
[T5] Info: Asset 'rumble/reload_small_h.rmb' with buffer '0x30460a70'
[T5] Info: Asset 'rumble/reload_small_l.rmb' with buffer '0x30460ad0'
[T5] Info: Asset 'rumble/reload_medium' with buffer '0x30460b40'
[T5] Info: Asset 'rumble/reload_medium_h.rmb' with buffer '0x30460be0'
[T5] Info: Asset 'rumble/reload_medium_l.rmb' with buffer '0x30460c40'
[T5] Info: Asset 'rumble/reload_large' with buffer '0x30460cb0'
[T5] Info: Asset 'rumble/reload_large_h.rmb' with buffer '0x30460d50'
[T5] Info: Asset 'rumble/reload_large_l.rmb' with buffer '0x30460db0'
[T5] Info: Asset 'rumble/reload_clipin' with buffer '0x30460e20'
[T5] Info: Asset 'rumble/reload_clipout' with buffer '0x30460ec0'
[T5] Info: Asset 'rumble/reload_rechamber' with buffer '0x30460f60'
[T5] Info: Asset 'rumble/pullout_small' with buffer '0x30461000'
[T5] Info: Asset 'rumble/buzz_high' with buffer '0x3045f5b0'
[T5] Info: Asset 'rumble/buzz_high_h.rmb' with buffer '0x3045f640'
[T5] Info: Asset 'rumble/buzz_high_l.rmb' with buffer '0x3045f690'
[T5] Info: Asset 'rumble/damage_light' with buffer '0x3045f850'
[T5] Info: Asset 'rumble/damage_light_h.rmb' with buffer '0x3045f8f0'
[T5] Info: Asset 'rumble/damage_light_l.rmb' with buffer '0x3045f950'
[T5] Info: Asset 'rumble/defaultweapon_melee' with buffer '0x3045fb80'
[T5] Info: Asset 'rumble/defaultweapon_melee_h.rmb' with buffer '0x3045fc30'
[T5] Info: Asset 'rumble/defaultweapon_melee_l.rmb' with buffer '0x3045fcc0'
[T5] Info: Asset 'rumble/stinger_lock_rumble' with buffer '0x304613f0'
[T5] Info: Asset 'rumble/artillery_rumble' with buffer '0x304603b0'
[T5] Info: Asset 'rumble/grenade_rumble' with buffer '0x30460860'
[T5] Info: Asset 'rumble/grenade_rumble_h.rmb' with buffer '0x30460900'
[T5] Info: Asset 'rumble/grenade_rumble_l.rmb' with buffer '0x30460960'
[T5] Info: Asset 'rumble/rolling_thunder_rumble' with buffer '0x30460550'
[T5] Info: Asset 'rumble/rolling_thunder_rumble_h.rmb' with buffer '0x30460610'
[T5] Info: Asset 'rumble/rolling_thunder_rumble_l.rmb' with buffer '0x30460670'
[T5] Info: Asset 'rumble/plane_rumble' with buffer '0x30460700'
[T5] Info: Asset 'rumble/plane_rumble_h.rmb' with buffer '0x304607a0'
[T5] Info: Asset 'rumble/plane_rumble_l.rmb' with buffer '0x304607f0'
[T5] Info: Asset 'rumble/rcbomb_engine_stutter' with buffer '0x304610a0'
[T5] Info: Asset 'rumble/rcbomb_engine_stutter_h.rmb' with buffer '0x30461160'
[T5] Info: Asset 'rumble/rcbomb_engine_stutter_l.rmb' with buffer '0x304611d0'
[T5] Info: Asset 'rumble/rcbomb_slide' with buffer '0x30461240'
[T5] Info: Asset 'rumble/rcbomb_slide_h.rmb' with buffer '0x304612e0'
[T5] Info: Asset 'rumble/rcbomb_slide_l.rmb' with buffer '0x30461350'
[T5] Info: Asset 'rumble/defaultweapon_fire' with buffer '0x3045f9c0'
[T5] Info: Asset 'rumble/defaultweapon_fire_h.rmb' with buffer '0x3045fa70'
[T5] Info: Asset 'rumble/defaultweapon_fire_l.rmb' with buffer '0x3045fb10'
[T5] Info: Asset 'rumble/tank_fire_mp' with buffer '0x330774e0'
[T5] Info: Asset 'rumble/tank_fire_h.rmb' with buffer '0x33077580'
[T5] Info: Asset 'rumble/tank_fire_l.rmb' with buffer '0x33077620'
[T5] Info: Asset 'vision/infrared.vision' with buffer '0x309bf300'
[T5] Info: Asset 'vision/tvguided_mp.vision' with buffer '0x309d9db0'
[T5] Info: Asset 'vision/camera_spike_mp.vision' with buffer '0x309da9b0'
[T5] Info: Asset 'vision/flare.vision' with buffer '0x309abe60'
[T5] Info: Asset 'exposure/mp_array.xpo' with buffer '0x33687390'
[T5] Info: Asset 'vision/mpintro.vision' with buffer '0x309ad520'
[T5] Info: Asset 'vision/default_night.vision' with buffer '0x309abb30'
[T5] Info: Asset 'aim_assist/view_input_0.graph' with buffer '0x3321cc90'
[T5] Info: Asset 'aim_assist/view_input_1.graph' with buffer '0x3321cdb0'
[T5] Info: Asset 'aim_assist/view_input_2.graph' with buffer '0x3321ceb0'
[T5] Info: Asset 'aim_assist/view_input_3.graph' with buffer '0x3321cfa0'
[T5] Info: Asset 'vision/infrared_snow.vision' with buffer '0x309bfb80'
